{"C:\\Users\\rodri\\Desktop\\vite-rodrigo\\test3\\vite-project\\src\\vite-env.d.ts": {"path":"C:\\Users\\rodri\\Desktop\\vite-rodrigo\\test3\\vite-project\\src\\vite-env.d.ts","statementMap":{},"fnMap":{},"branchMap":{},"s":{},"f":{},"b":{}}
,"C:\\Users\\rodri\\Desktop\\vite-rodrigo\\test3\\vite-project\\src\\exercise\\00-MockFunctions\\forEach.ts": {"path":"C:\\Users\\rodri\\Desktop\\vite-rodrigo\\test3\\vite-project\\src\\exercise\\00-MockFunctions\\forEach.ts","statementMap":{"0":{"start":{"line":5,"column":0},"end":{"line":5,"column":16}},"1":{"start":{"line":6,"column":2},"end":{"line":8,"column":3}},"2":{"start":{"line":7,"column":4},"end":{"line":7,"column":19}}},"fnMap":{"0":{"name":"forEach","decl":{"start":{"line":5,"column":16},"end":{"line":5,"column":23}},"loc":{"start":{"line":5,"column":60},"end":{"line":9,"column":1}}}},"branchMap":{},"s":{"0":0,"1":0,"2":0},"f":{"0":0},"b":{}}
,"C:\\Users\\rodri\\Desktop\\vite-rodrigo\\test3\\vite-project\\src\\exercise\\01-MockModule\\convertCase.ts": {"path":"C:\\Users\\rodri\\Desktop\\vite-rodrigo\\test3\\vite-project\\src\\exercise\\01-MockModule\\convertCase.ts","statementMap":{"0":{"start":{"line":7,"column":0},"end":{"line":7,"column":16}},"1":{"start":{"line":3,"column":0},"end":{"line":3,"column":66}},"2":{"start":{"line":9,"column":2},"end":{"line":18,"column":3}},"3":{"start":{"line":11,"column":6},"end":{"line":11,"column":30}},"4":{"start":{"line":13,"column":6},"end":{"line":13,"column":30}},"5":{"start":{"line":15,"column":6},"end":{"line":15,"column":32}},"6":{"start":{"line":17,"column":6},"end":{"line":17,"column":17}}},"fnMap":{"0":{"name":"convertCase","decl":{"start":{"line":7,"column":16},"end":{"line":7,"column":27}},"loc":{"start":{"line":7,"column":59},"end":{"line":19,"column":1}}}},"branchMap":{"0":{"loc":{"start":{"line":9,"column":2},"end":{"line":18,"column":3}},"type":"switch","locations":[{"start":{"line":10,"column":4},"end":{"line":11,"column":30}},{"start":{"line":12,"column":4},"end":{"line":13,"column":30}},{"start":{"line":14,"column":4},"end":{"line":15,"column":32}},{"start":{"line":16,"column":4},"end":{"line":17,"column":17}}]}},"s":{"0":0,"1":0,"2":0,"3":0,"4":0,"5":0,"6":0},"f":{"0":0},"b":{"0":[0,0,0,0]}}
,"C:\\Users\\rodri\\Desktop\\vite-rodrigo\\test3\\vite-project\\src\\exercise\\01-MockModule\\utils.ts": {"path":"C:\\Users\\rodri\\Desktop\\vite-rodrigo\\test3\\vite-project\\src\\exercise\\01-MockModule\\utils.ts","statementMap":{"0":{"start":{"line":1,"column":0},"end":{"line":1,"column":16}},"1":{"start":{"line":5,"column":0},"end":{"line":5,"column":16}},"2":{"start":{"line":9,"column":0},"end":{"line":9,"column":16}},"3":{"start":{"line":2,"column":2},"end":{"line":2,"column":42}},"4":{"start":{"line":6,"column":2},"end":{"line":6,"column":27}},"5":{"start":{"line":10,"column":2},"end":{"line":10,"column":27}}},"fnMap":{"0":{"name":"reverseString","decl":{"start":{"line":1,"column":16},"end":{"line":1,"column":29}},"loc":{"start":{"line":1,"column":41},"end":{"line":3,"column":1}}},"1":{"name":"toUpperCase","decl":{"start":{"line":5,"column":16},"end":{"line":5,"column":27}},"loc":{"start":{"line":5,"column":39},"end":{"line":7,"column":1}}},"2":{"name":"toLowerCase","decl":{"start":{"line":9,"column":16},"end":{"line":9,"column":27}},"loc":{"start":{"line":9,"column":39},"end":{"line":11,"column":1}}}},"branchMap":{},"s":{"0":0,"1":0,"2":0,"3":0,"4":0,"5":0},"f":{"0":0,"1":0,"2":0},"b":{}}
,"C:\\Users\\rodri\\Desktop\\vite-rodrigo\\test3\\vite-project\\src\\exercise\\02-Snapshots\\SuperHeros\\getFlyingSuperHeros.ts": {"path":"C:\\Users\\rodri\\Desktop\\vite-rodrigo\\test3\\vite-project\\src\\exercise\\02-Snapshots\\SuperHeros\\getFlyingSuperHeros.ts","statementMap":{"0":{"start":{"line":6,"column":0},"end":{"line":6,"column":16}},"1":{"start":{"line":7,"column":2},"end":{"line":7,"column":75}},"2":{"start":{"line":7,"column":42},"end":{"line":7,"column":73}}},"fnMap":{"0":{"name":"getFlyingSuperHeros","decl":{"start":{"line":6,"column":16},"end":{"line":6,"column":35}},"loc":{"start":{"line":6,"column":60},"end":{"line":8,"column":1}}},"1":{"name":"(anonymous_1)","decl":{"start":{"line":7,"column":27},"end":{"line":7,"column":28}},"loc":{"start":{"line":7,"column":42},"end":{"line":7,"column":73}}}},"branchMap":{},"s":{"0":0,"1":0,"2":0},"f":{"0":0,"1":0},"b":{}}
,"C:\\Users\\rodri\\Desktop\\vite-rodrigo\\test3\\vite-project\\src\\exercise\\02-Snapshots\\SuperHeros\\superHeros.ts": {"path":"C:\\Users\\rodri\\Desktop\\vite-rodrigo\\test3\\vite-project\\src\\exercise\\02-Snapshots\\SuperHeros\\superHeros.ts","statementMap":{"0":{"start":{"line":1,"column":13},"end":{"line":18,"column":2}}},"fnMap":{},"branchMap":{},"s":{"0":0},"f":{},"b":{}}
}
