TN:
SF:src\vite-env.d.ts
FNF:0
FNH:0
LF:0
LH:0
BRF:0
BRH:0
end_of_record
TN:
SF:src\exercise\00-MockFunctions\forEach.ts
FN:5,forEach
FNF:1
FNH:0
FNDA:0,forEach
DA:5,0
DA:6,0
DA:7,0
LF:3
LH:0
BRF:0
BRH:0
end_of_record
TN:
SF:src\exercise\01-MockModule\convertCase.ts
FN:7,convertCase
FNF:1
FNH:0
FNDA:0,convertCase
DA:3,0
DA:7,0
DA:9,0
DA:11,0
DA:13,0
DA:15,0
DA:17,0
LF:7
LH:0
BRDA:9,0,0,0
BRDA:9,0,1,0
BRDA:9,0,2,0
BRDA:9,0,3,0
BRF:4
BRH:0
end_of_record
TN:
SF:src\exercise\01-MockModule\utils.ts
FN:1,reverseString
FN:5,toUpperCase
FN:9,toLowerCase
FNF:3
FNH:0
FNDA:0,reverseString
FNDA:0,toUpperCase
FNDA:0,toLowerCase
DA:1,0
DA:2,0
DA:5,0
DA:6,0
DA:9,0
DA:10,0
LF:6
LH:0
BRF:0
BRH:0
end_of_record
TN:
SF:src\exercise\02-Snapshots\SuperHeros\getFlyingSuperHeros.ts
FN:6,getFlyingSuperHeros
FN:7,(anonymous_1)
FNF:2
FNH:0
FNDA:0,getFlyingSuperHeros
FNDA:0,(anonymous_1)
DA:6,0
DA:7,0
LF:2
LH:0
BRF:0
BRH:0
end_of_record
TN:
SF:src\exercise\02-Snapshots\SuperHeros\superHeros.ts
FNF:0
FNH:0
DA:1,0
LF:1
LH:0
BRF:0
BRH:0
end_of_record
